<?xml version="1.0" encoding="UTF-8"?>
<!-- Generated by org.testng.reporters.JUnitXMLReporter -->
<testsuite ignored="2" hostname="LAPTOP-HOGD6GNA" failures="0" tests="0" time="0.0" errors="0" timestamp="2024-02-28T15:10:12 CST">
  <testcase classname="Tutorial.Framework.ShopmodifiedTest" name="orderHistory" time="0.0">
    <ignored/>
  </testcase> <!-- orderHistory -->
  <testcase classname="Tutorial.Framework.ShopmodifiedTest" name="submitOrder" time="0.0">
    <ignored/>
  </testcase> <!-- submitOrder -->
</testsuite>
