<?xml version="1.0" encoding="UTF-8"?>
<testsuite xmlns:xsi="http://www.w3.org/2001/XMLSchema-instance" xsi:noNamespaceSchemaLocation="https://maven.apache.org/surefire/maven-surefire-plugin/xsd/surefire-test-report-3.0.xsd" version="3.0" name="TestSuite" time="35.025" tests="5" errors="0" skipped="1" failures="1">
  <properties>
[...]
</properties>
  <testcase name="ErrorLogin" classname="Tutorial.Framework.ShopmodifiedErrorvalidationsTest" time="1.359">
    <system-out><![CDATA[ZARA COAT 3
]]></system-out>
    <system-err><![CDATA[SLF4J: Failed to load class "org.slf4j.impl.StaticLoggerBinder".
SLF4J: Defaulting to no-operation (NOP) logger implementation
SLF4J: See http://www.slf4j.org/codes.html#StaticLoggerBinder for further details.
]]></system-err>
  </testcase>
  <testcase name="PlaceOrderError" classname="Tutorial.Framework.ShopmodifiedErrorvalidationsTest" time="0.0">
    <skipped message="expected [false] but found [true]"/>
    <system-out><![CDATA[ZARA COAT 3
ADIDAS ORIGINAL
IPHONE 13 PRO
]]></system-out>
  </testcase>
  <testcase name="PlaceOrderError" classname="Tutorial.Framework.ShopmodifiedErrorvalidationsTest" time="9.166">
    <failure message="expected [false] but found [true]" type="java.lang.AssertionError"><![CDATA[java.lang.AssertionError: expected [false] but found [true]
	at org.testng.Assert.fail(Assert.java:111)
	at org.testng.Assert.failNotEquals(Assert.java:1578)
	at org.testng.Assert.assertFalse(Assert.java:79)
	at org.testng.Assert.assertFalse(Assert.java:89)
	at Tutorial.Framework.ShopmodifiedErrorvalidationsTest.PlaceOrderError(ShopmodifiedErrorvalidationsTest.java:46)
	at java.base/jdk.internal.reflect.DirectMethodHandleAccessor.invoke(DirectMethodHandleAccessor.java:103)
	at java.base/java.lang.reflect.Method.invoke(Method.java:580)
	at org.testng.internal.invokers.MethodInvocationHelper.invokeMethod(MethodInvocationHelper.java:139)
	at org.testng.internal.invokers.TestInvoker.invokeMethod(TestInvoker.java:664)
	at org.testng.internal.invokers.TestInvoker.retryFailed(TestInvoker.java:249)
	at org.testng.internal.invokers.MethodRunner.runInSequence(MethodRunner.java:76)
	at org.testng.internal.invokers.TestInvoker$MethodInvocationAgent.invoke(TestInvoker.java:961)
	at org.testng.internal.invokers.TestInvoker.invokeTestMethods(TestInvoker.java:201)
	at org.testng.internal.invokers.TestMethodWorker.invokeTestMethods(TestMethodWorker.java:148)
	at org.testng.internal.invokers.TestMethodWorker.run(TestMethodWorker.java:128)
	at java.base/java.util.ArrayList.forEach(ArrayList.java:1596)
	at org.testng.TestRunner.privateRun(TestRunner.java:819)
	at org.testng.TestRunner.run(TestRunner.java:619)
	at org.testng.SuiteRunner.runTest(SuiteRunner.java:443)
	at org.testng.SuiteRunner$SuiteWorker.run(SuiteRunner.java:481)
	at org.testng.internal.thread.ThreadUtil.lambda$execute$0(ThreadUtil.java:58)
	at java.base/java.util.concurrent.FutureTask.run(FutureTask.java:317)
	at java.base/java.util.concurrent.ThreadPoolExecutor.runWorker(ThreadPoolExecutor.java:1144)
	at java.base/java.util.concurrent.ThreadPoolExecutor$Worker.run(ThreadPoolExecutor.java:642)
	at java.base/java.lang.Thread.run(Thread.java:1583)
]]></failure>
    <system-out><![CDATA[ZARA COAT 3
ADIDAS ORIGINAL
IPHONE 13 PRO
]]></system-out>
  </testcase>
  <testcase name="submitOrder[{password=Cream90!, email=strawberry@gmail.com}](1)" classname="Tutorial.Framework.ShopmodifiedwithJsonTest" time="0.486">
    <system-out><![CDATA[ADIDAS ORIGINAL
IPHONE 13 PRO
****ordernumber****| 65e63ab9a86f8f74dc907180 |
]]></system-out>
  </testcase>
  <testcase name="submitOrder[{password=Iamking@000, email=shetty@gmail.com}](2)" classname="Tutorial.Framework.ShopmodifiedwithJsonTest" time="1.903">
    <system-out><![CDATA[ZARA COAT 3
ADIDAS ORIGINAL
IPHONE 13 PRO
****ordernumber****| 65e63ac6a86f8f74dc9071b1 |
]]></system-out>
  </testcase>
</testsuite>